d:\google drive\borton lab\operant_conditioning_project\setup\software\blackrock\examples_sdk\sdksample\win32\debug\sdksample.pch
d:\google drive\borton lab\operant_conditioning_project\setup\software\blackrock\examples_sdk\sdksample\win32\debug\vc140.pdb
d:\google drive\borton lab\operant_conditioning_project\setup\software\blackrock\examples_sdk\sdksample\win32\debug\vc140.idb
d:\google drive\borton lab\operant_conditioning_project\setup\software\blackrock\examples_sdk\sdksample\win32\debug\stdafx.obj
d:\google drive\borton lab\operant_conditioning_project\setup\software\blackrock\examples_sdk\sdksample\win32\debug\sdksample.obj
d:\google drive\borton lab\operant_conditioning_project\setup\software\blackrock\examples_sdk\sdksample\win32\debug\sdksampledlg.obj
d:\google drive\borton lab\operant_conditioning_project\setup\software\blackrock\examples_sdk\sdksample\win32\debug\spkdisp.obj
d:\google drive\borton lab\operant_conditioning_project\setup\software\blackrock\examples_sdk\sdksample\win32\debug\sdksample.ilk
d:\google drive\borton lab\operant_conditioning_project\setup\software\blackrock\examples_sdk\sdksample\win32\debug\sdksample.exe
d:\google drive\borton lab\operant_conditioning_project\setup\software\blackrock\examples_sdk\sdksample\win32\debug\sdksample.pdb
d:\google drive\borton lab\operant_conditioning_project\setup\software\blackrock\examples_sdk\sdksample\win32\debug\sdksample.res
d:\google drive\borton lab\operant_conditioning_project\setup\software\blackrock\examples_sdk\sdksample\win32\debug\sdksample.tlog\cl.command.1.tlog
d:\google drive\borton lab\operant_conditioning_project\setup\software\blackrock\examples_sdk\sdksample\win32\debug\sdksample.tlog\cl.read.1.tlog
d:\google drive\borton lab\operant_conditioning_project\setup\software\blackrock\examples_sdk\sdksample\win32\debug\sdksample.tlog\cl.write.1.tlog
d:\google drive\borton lab\operant_conditioning_project\setup\software\blackrock\examples_sdk\sdksample\win32\debug\sdksample.tlog\link.command.1.tlog
d:\google drive\borton lab\operant_conditioning_project\setup\software\blackrock\examples_sdk\sdksample\win32\debug\sdksample.tlog\link.read.1.tlog
d:\google drive\borton lab\operant_conditioning_project\setup\software\blackrock\examples_sdk\sdksample\win32\debug\sdksample.tlog\link.write.1.tlog
d:\google drive\borton lab\operant_conditioning_project\setup\software\blackrock\examples_sdk\sdksample\win32\debug\sdksample.tlog\rc.command.1.tlog
d:\google drive\borton lab\operant_conditioning_project\setup\software\blackrock\examples_sdk\sdksample\win32\debug\sdksample.tlog\rc.read.1.tlog
d:\google drive\borton lab\operant_conditioning_project\setup\software\blackrock\examples_sdk\sdksample\win32\debug\sdksample.tlog\rc.write.1.tlog
